14:48:31,098 (main) INFO  [uniandes.isis2304.parranderos.interfazApp.InterfazParranderosApp] - NO se encontró un archivo de configuración válido
14:48:43,088 (main) INFO  [uniandes.isis2304.parranderos.interfazApp.InterfazParranderosApp] - Se aplica configuración por defecto
14:48:43,088 (main) INFO  [uniandes.isis2304.parranderos.interfazApp.InterfazParranderosApp] - NO se encontró un archivo de configuración válido
14:50:17,522 (main) INFO  [uniandes.isis2304.parranderos.interfazApp.InterfazParranderosApp] - NO se encontró un archivo de configuración válido
14:50:24,588 (main) INFO  [uniandes.isis2304.parranderos.interfazApp.InterfazParranderosApp] - Se aplica configuración por defecto
14:50:24,594 (main) INFO  [uniandes.isis2304.parranderos.interfazApp.InterfazParranderosApp] - NO se encontró un archivo de configuración válido
14:54:42,238 (main) INFO  [uniandes.isis2304.parranderos.interfazApp.InterfazParranderosApp] - NO se encontró un archivo de configuración válido
14:54:44,573 (main) INFO  [uniandes.isis2304.parranderos.interfazApp.InterfazParranderosApp] - Se aplica configuración por defecto
14:54:44,577 (main) INFO  [uniandes.isis2304.parranderos.interfazApp.InterfazParranderosApp] - NO se encontró un archivo de configuración válido
14:55:03,805 (main) INFO  [uniandes.isis2304.parranderos.interfazApp.InterfazParranderosApp] - NO se encontró un archivo de configuración válido
14:55:06,581 (main) INFO  [uniandes.isis2304.parranderos.interfazApp.InterfazParranderosApp] - Se aplica configuración por defecto
14:55:06,584 (main) INFO  [uniandes.isis2304.parranderos.interfazApp.InterfazParranderosApp] - NO se encontró un archivo de configuración válido
14:56:41,317 (main) INFO  [uniandes.isis2304.parranderos.interfazApp.InterfazParranderosApp] - NO se encontró un archivo de configuración válido
14:58:49,715 (main) INFO  [uniandes.isis2304.parranderos.interfazApp.InterfazParranderosApp] - Se aplica configuración por defecto
14:58:49,719 (main) INFO  [uniandes.isis2304.parranderos.interfazApp.InterfazParranderosApp] - NO se encontró un archivo de configuración válido
15:03:16,859 (main) INFO  [uniandes.isis2304.parranderos.interfazApp.InterfazParranderosApp] - NO se encontró un archivo de configuración válido
15:08:16,160 (main) INFO  [uniandes.isis2304.parranderos.interfazApp.InterfazParranderosApp] - NO se encontró un archivo de configuración válido
15:08:22,396 (main) INFO  [uniandes.isis2304.parranderos.interfazApp.InterfazParranderosApp] - Se aplica configuración por defecto
15:08:22,396 (main) INFO  [uniandes.isis2304.parranderos.interfazApp.InterfazParranderosApp] - NO se encontró un archivo de configuración válido
15:11:27,906 (main) INFO  [uniandes.isis2304.parranderos.interfazApp.InterfazParranderosApp] - NO se encontró un archivo de configuración válido
15:11:30,664 (main) INFO  [uniandes.isis2304.parranderos.interfazApp.InterfazParranderosApp] - Se aplica configuración por defecto
15:11:30,667 (main) INFO  [uniandes.isis2304.parranderos.interfazApp.InterfazParranderosApp] - NO se encontró un archivo de configuración válido
16:36:45,641 (main) INFO  [uniandes.isis2304.parranderos.interfazApp.InterfazParranderosApp] - NO se encontró un archivo de configuración válido
16:38:12,943 (main) INFO  [uniandes.isis2304.parranderos.interfazApp.InterfazParranderosApp] - Se aplica configuración por defecto
16:38:12,947 (main) INFO  [uniandes.isis2304.parranderos.interfazApp.InterfazParranderosApp] - NO se encontró un archivo de configuración válido
16:39:08,175 (main) INFO  [uniandes.isis2304.parranderos.interfazApp.InterfazParranderosApp] - NO se encontró un archivo de configuración válido
16:39:14,671 (main) INFO  [uniandes.isis2304.parranderos.interfazApp.InterfazParranderosApp] - Se aplica configuración por defecto
16:39:14,673 (main) INFO  [uniandes.isis2304.parranderos.interfazApp.InterfazParranderosApp] - NO se encontró un archivo de configuración válido
17:40:15,548 (main) INFO  [uniandes.isis2304.parranderos.interfazApp.InterfazParranderosApp] - NO se encontró un archivo de configuración válido
17:40:19,524 (main) INFO  [uniandes.isis2304.parranderos.interfazApp.InterfazParranderosApp] - Se aplica configuración por defecto
17:40:19,527 (main) INFO  [uniandes.isis2304.parranderos.interfazApp.InterfazParranderosApp] - NO se encontró un archivo de configuración válido
17:42:30,652 (main) INFO  [uniandes.isis2304.parranderos.interfazApp.InterfazParranderosApp] - NO se encontró un archivo de configuración válido
17:43:07,717 (main) INFO  [uniandes.isis2304.parranderos.interfazApp.InterfazParranderosApp] - Se aplica configuración por defecto
17:43:07,722 (main) INFO  [uniandes.isis2304.parranderos.interfazApp.InterfazParranderosApp] - NO se encontró un archivo de configuración válido
17:53:13,993 (main) INFO  [uniandes.isis2304.parranderos.interfazApp.InterfazParranderosApp] - NO se encontró un archivo de configuración válido
17:53:18,198 (main) INFO  [uniandes.isis2304.parranderos.interfazApp.InterfazParranderosApp] - Se aplica configuración por defecto
17:53:18,198 (main) INFO  [uniandes.isis2304.parranderos.interfazApp.InterfazParranderosApp] - NO se encontró un archivo de configuración válido
18:05:40,039 (main) INFO  [uniandes.isis2304.parranderos.interfazApp.InterfazParranderosApp] - Se encontró un archivo de configuración válido: Interfaz
18:05:40,043 (main) INFO  [uniandes.isis2304.parranderos.interfazApp.InterfazParranderosApp] - Se aplica configuración indicada en el archivo de configuración
18:05:40,077 (main) INFO  [uniandes.isis2304.parranderos.interfazApp.InterfazParranderosApp] - Se encontró un archivo de configuración válido: Tablas BD
18:06:48,071 (AWT-EventQueue-0) INFO  [uniandes.isis2304.parranderos.negocio.Parranderos] - Adicionando Tipo de bebida: cerveza
18:06:50,828 (AWT-EventQueue-0) INFO  [uniandes.isis2304.parranderos.negocio.Parranderos] - Adicionando Tipo de bebida: TipoBebida [id=1, nombre=cerveza]
18:07:09,592 (main) INFO  [uniandes.isis2304.parranderos.interfazApp.InterfazParranderosApp] - Se encontró un archivo de configuración válido: Interfaz
18:07:09,593 (main) INFO  [uniandes.isis2304.parranderos.interfazApp.InterfazParranderosApp] - Se aplica configuración indicada en el archivo de configuración
18:07:09,628 (main) INFO  [uniandes.isis2304.parranderos.interfazApp.InterfazParranderosApp] - Se encontró un archivo de configuración válido: Tablas BD
18:16:21,539 (main) INFO  [uniandes.isis2304.parranderos.interfazApp.InterfazParranderosApp] - NO se encontró un archivo de configuración válido
18:16:23,460 (main) INFO  [uniandes.isis2304.parranderos.interfazApp.InterfazParranderosApp] - Se aplica configuración por defecto
18:16:23,463 (main) INFO  [uniandes.isis2304.parranderos.interfazApp.InterfazParranderosApp] - NO se encontró un archivo de configuración válido
18:16:37,440 (main) INFO  [uniandes.isis2304.parranderos.interfazApp.InterfazParranderosApp] - NO se encontró un archivo de configuración válido
18:16:40,849 (main) INFO  [uniandes.isis2304.parranderos.interfazApp.InterfazParranderosApp] - Se aplica configuración por defecto
18:16:40,855 (main) INFO  [uniandes.isis2304.parranderos.interfazApp.InterfazParranderosApp] - NO se encontró un archivo de configuración válido
18:17:05,820 (main) INFO  [uniandes.isis2304.parranderos.interfazApp.InterfazParranderosApp] - Se encontró un archivo de configuración válido: Interfaz
18:17:05,822 (main) INFO  [uniandes.isis2304.parranderos.interfazApp.InterfazParranderosApp] - Se aplica configuración indicada en el archivo de configuración
18:17:05,853 (main) INFO  [uniandes.isis2304.parranderos.interfazApp.InterfazParranderosApp] - Se encontró un archivo de configuración válido: Tablas BD
18:27:58,720 (main) INFO  [uniandes.isis2304.parranderos.interfazApp.InterfazParranderosApp] - Se encontró un archivo de configuración válido: Interfaz
18:27:58,721 (main) INFO  [uniandes.isis2304.parranderos.interfazApp.InterfazParranderosApp] - Se aplica configuración indicada en el archivo de configuración
18:27:58,757 (main) INFO  [uniandes.isis2304.parranderos.interfazApp.InterfazParranderosApp] - Se encontró un archivo de configuración válido: Tablas BD
18:49:24,017 (main) INFO  [uniandes.isis2304.parranderos.interfazApp.InterfazParranderosApp] - Se encontró un archivo de configuración válido: Interfaz
18:49:24,024 (main) INFO  [uniandes.isis2304.parranderos.interfazApp.InterfazParranderosApp] - Se aplica configuración indicada en el archivo de configuración
18:49:24,060 (main) INFO  [uniandes.isis2304.parranderos.interfazApp.InterfazParranderosApp] - Se encontró un archivo de configuración válido: Tablas BD
18:49:39,453 (AWT-EventQueue-0) INFO  [uniandes.isis2304.parranderos.negocio.Parranderos] - Adicionando Tipo de bebida: GASEOSA
18:49:45,256 (AWT-EventQueue-0) INFO  [uniandes.isis2304.parranderos.negocio.Parranderos] - Adicionando Tipo de bebida: TipoBebida [id=2, nombre=GASEOSA]
20:42:30,503 (main) INFO  [uniandes.isis2304.parranderos.interfazApp.InterfazParranderosApp] - Se encontró un archivo de configuración válido: Interfaz
20:42:30,507 (main) INFO  [uniandes.isis2304.parranderos.interfazApp.InterfazParranderosApp] - Se aplica configuración indicada en el archivo de configuración
20:42:30,544 (main) INFO  [uniandes.isis2304.parranderos.interfazApp.InterfazParranderosApp] - Se encontró un archivo de configuración válido: Tablas BD
